<?xml version="1.0" encoding="UTF-8"?>
<!-- Generated by org.testng.reporters.JUnitReportReporter -->
<testsuite hostname="Mds-MacBook-Pro.home" name="tests.EditPageTest" tests="2" failures="0" timestamp="19 Jul 2015 05:06:32 GMT" time="3.063" errors="0">
  <testcase name="testEditCustomerChangeAddressNo" time="1.292" classname="tests.EditPageTest"/>
  <testcase name="testEditCustomerChangeAddress" time="1.771" classname="tests.EditPageTest"/>
</testsuite> <!-- tests.EditPageTest -->
