<?xml version="1.0" encoding="UTF-8"?>
<!-- Generated by org.testng.reporters.JUnitReportReporter -->
<testsuite hostname="Mds-MacBook-Pro.home" name="base.TestBase" tests="1" failures="0" timestamp="12 Jul 2015 06:42:40 GMT" time="3.777" errors="0">
  <testcase name="testLogin" time="3.777" classname="base.TestBase"/>
</testsuite> <!-- base.TestBase -->
