<?xml version="1.0" encoding="UTF-8"?>
<!-- Generated by org.testng.reporters.JUnitReportReporter -->
<testsuite hostname="Mds-MacBook-Pro.home" name="tests.LogInTest" tests="5" failures="0" timestamp="25 Aug 2015 03:15:42 GMT" time="5.632" errors="0">
  <testcase name="testClickGenerateAccess" time="0.528" classname="tests.LogInTest"/>
  <testcase name="testValidLogIn" time="1.633" classname="tests.LogInTest"/>
  <testcase name="testLoginEmptyUsernamePassword" time="1.076" classname="tests.LogInTest"/>
  <testcase name="testLoginInvalidUsernamePassword" time="1.209" classname="tests.LogInTest"/>
  <testcase name="testLoginBlankUsernamePassword" time="1.186" classname="tests.LogInTest"/>
</testsuite> <!-- tests.LogInTest -->
